PuppyFriends - Version 4.2/app/build/intermediates/manifest_merge_blame_file/debug/manifest-merger-blame-debug-report.txt
1<?xml version="1.0" encoding="utf-8"?>
2<manifest xmlns:android="http://schemas.android.com/apk/res/android"
3    package="com.sw.PuppyFriends"
4    android:versionCode="1"
5    android:versionName="1.0" >
6
7    <uses-sdk
8        android:minSdkVersion="24"
8-->src\main\AndroidManifest.xml
9        android:targetSdkVersion="29" />
9-->src\main\AndroidManifest.xml
10
11    <uses-permission android:name="android.permission.INTERNET" />
11-->src\main\AndroidManifest.xml:6:5-67
11-->src\main\AndroidManifest.xml:6:22-64
12    <uses-permission android:name="android.permission.ACCESS_NETWORK_STATE" />
12-->src\main\AndroidManifest.xml:7:5-79
12-->src\main\AndroidManifest.xml:7:22-76
13    <uses-permission android:name="android.permission.WAKE_LOCK" /> <!-- Required by older versions of Google Play services to create IID tokens -->
13-->[com.google.android.gms:play-services-measurement-api:17.4.2] AndroidManifest.xml:24:5-68
13-->[com.google.android.gms:play-services-measurement-api:17.4.2] AndroidManifest.xml:24:22-65
14    <uses-permission android:name="com.google.android.c2dm.permission.RECEIVE" />
14-->[com.google.firebase:firebase-iid:20.2.0] AndroidManifest.xml:26:5-82
14-->[com.google.firebase:firebase-iid:20.2.0] AndroidManifest.xml:26:22-79
15    <uses-permission android:name="com.google.android.finsky.permission.BIND_GET_INSTALL_REFERRER_SERVICE" />
15-->[com.google.android.gms:play-services-measurement:17.4.2] AndroidManifest.xml:26:5-110
15-->[com.google.android.gms:play-services-measurement:17.4.2] AndroidManifest.xml:26:22-107
16
17    <application
17-->src\main\AndroidManifest.xml:9:5-78:19
18        android:allowBackup="true"
18-->src\main\AndroidManifest.xml:10:9-35
19        android:appComponentFactory="androidx.core.app.CoreComponentFactory"
19-->[androidx.core:core:1.2.0] AndroidManifest.xml:24:18-86
20        android:debuggable="true"
21        android:extractNativeLibs="false"
22        android:icon="@mipmap/ic_launcher"
22-->src\main\AndroidManifest.xml:11:9-43
23        android:label="PuppyFriends"
23-->src\main\AndroidManifest.xml:12:9-37
24        android:roundIcon="@mipmap/ic_launcher_round"
24-->src\main\AndroidManifest.xml:13:9-54
25        android:supportsRtl="true"
25-->src\main\AndroidManifest.xml:14:9-35
26        android:theme="@style/AppTheme" >
26-->src\main\AndroidManifest.xml:15:9-40
27        <activity android:name="com.sw.PuppyFriends.IntroActivity" >
27-->src\main\AndroidManifest.xml:17:9-23:20
27-->src\main\AndroidManifest.xml:17:19-67
28            <intent-filter>
28-->src\main\AndroidManifest.xml:18:13-22:29
29                <action android:name="android.intent.action.MAIN" />
29-->src\main\AndroidManifest.xml:19:17-69
29-->src\main\AndroidManifest.xml:19:25-66
30
31                <category android:name="android.intent.category.LAUNCHER" />
31-->src\main\AndroidManifest.xml:21:17-77
31-->src\main\AndroidManifest.xml:21:27-74
32            </intent-filter>
33        </activity>
34        <activity
34-->src\main\AndroidManifest.xml:25:9-27:57
35            android:name="com.sw.PuppyFriends.Register"
35-->src\main\AndroidManifest.xml:26:13-56
36            android:windowSoftInputMode="stateHidden" />
36-->src\main\AndroidManifest.xml:27:13-54
37        <activity
37-->src\main\AndroidManifest.xml:28:9-30:57
38            android:name="com.sw.PuppyFriends.Login"
38-->src\main\AndroidManifest.xml:29:13-53
39            android:windowSoftInputMode="stateHidden" />
39-->src\main\AndroidManifest.xml:30:13-54
40        <activity
40-->src\main\AndroidManifest.xml:31:9-33:57
41            android:name="com.sw.PuppyFriends.HomeActivity"
41-->src\main\AndroidManifest.xml:32:13-60
42            android:windowSoftInputMode="stateHidden" />
42-->src\main\AndroidManifest.xml:33:13-54
43        <activity
43-->src\main\AndroidManifest.xml:34:9-36:57
44            android:name="com.sw.PuppyFriends.ResetPasswordActivity"
44-->src\main\AndroidManifest.xml:35:13-69
45            android:windowSoftInputMode="stateHidden" />
45-->src\main\AndroidManifest.xml:36:13-54
46        <activity
46-->src\main\AndroidManifest.xml:37:9-39:57
47            android:name="com.sw.PuppyFriends.EditProfileActivity"
47-->src\main\AndroidManifest.xml:38:13-67
48            android:windowSoftInputMode="stateHidden" />
48-->src\main\AndroidManifest.xml:39:13-54
49        <activity
49-->src\main\AndroidManifest.xml:40:9-42:57
50            android:name="com.sw.PuppyFriends.ProfileActivity"
50-->src\main\AndroidManifest.xml:41:13-63
51            android:windowSoftInputMode="stateHidden" />
51-->src\main\AndroidManifest.xml:42:13-54
52        <activity android:name="com.sw.PuppyFriends.SitterApplicationActivity" />
52-->src\main\AndroidManifest.xml:43:9-82
52-->src\main\AndroidManifest.xml:43:19-79
53        <activity android:name="com.sw.PuppyFriends.UserApplicationActivity" />
53-->src\main\AndroidManifest.xml:44:9-80
53-->src\main\AndroidManifest.xml:44:19-77
54        <activity android:name="com.sw.PuppyFriends.SettingConditionActivity" />
54-->src\main\AndroidManifest.xml:45:9-81
54-->src\main\AndroidManifest.xml:45:19-78
55        <activity android:name="com.sw.PuppyFriends.SettingDetailInfoActivity" />
55-->src\main\AndroidManifest.xml:46:9-82
55-->src\main\AndroidManifest.xml:46:19-79
56        <activity android:name="com.sw.PuppyFriends.Meeting" />
56-->src\main\AndroidManifest.xml:47:9-64
56-->src\main\AndroidManifest.xml:47:19-61
57        <activity android:name="com.sw.PuppyFriends.MeetingResult" />
57-->src\main\AndroidManifest.xml:48:9-70
57-->src\main\AndroidManifest.xml:48:19-67
58        <activity android:name="com.sw.PuppyFriends.matchreport" />
58-->src\main\AndroidManifest.xml:49:9-68
58-->src\main\AndroidManifest.xml:49:19-65
59        <activity android:name="com.sw.PuppyFriends.CheckProfileActivity" />
59-->src\main\AndroidManifest.xml:50:9-77
59-->src\main\AndroidManifest.xml:50:19-74
60        <activity android:name="com.sw.PuppyFriends.Users" />
60-->src\main\AndroidManifest.xml:51:9-62
60-->src\main\AndroidManifest.xml:51:19-59
61        <activity android:name="com.sw.PuppyFriends.Chat" />
61-->src\main\AndroidManifest.xml:52:9-61
61-->src\main\AndroidManifest.xml:52:19-58
62        <activity android:name="com.sw.PuppyFriends.Waiting" />
62-->src\main\AndroidManifest.xml:53:9-64
62-->src\main\AndroidManifest.xml:53:19-61
63        <activity android:name="com.sw.PuppyFriends.SittingOngoing" />
63-->src\main\AndroidManifest.xml:54:9-71
63-->src\main\AndroidManifest.xml:54:19-68
64        <activity android:name="com.sw.PuppyFriends.Rating" >
64-->src\main\AndroidManifest.xml:55:9-56:20
64-->src\main\AndroidManifest.xml:55:19-60
65        </activity>
66        <activity android:name="com.sw.PuppyFriends.tos" />
66-->src\main\AndroidManifest.xml:57:9-60
66-->src\main\AndroidManifest.xml:57:19-57
67        <activity android:name="com.sw.PuppyFriends.Meetingbefore_agree" />
67-->src\main\AndroidManifest.xml:58:9-76
67-->src\main\AndroidManifest.xml:58:19-73
68        <activity android:name="com.sw.PuppyFriends.Matchinglist" />
68-->src\main\AndroidManifest.xml:59:9-69
68-->src\main\AndroidManifest.xml:59:19-66
69        <activity android:name="com.sw.PuppyFriends.Sitterlist" />
69-->src\main\AndroidManifest.xml:60:9-66
69-->src\main\AndroidManifest.xml:60:19-64
70        <activity android:name="com.sw.PuppyFriends.Favorite" />
70-->src\main\AndroidManifest.xml:61:9-64
70-->src\main\AndroidManifest.xml:61:19-62
71        <activity android:name="com.sw.PuppyFriends.matchreportResult" />
71-->src\main\AndroidManifest.xml:62:9-73
71-->src\main\AndroidManifest.xml:62:19-71
72        <activity android:name="com.sw.PuppyFriends.ReportActivity" />
72-->src\main\AndroidManifest.xml:63:9-70
72-->src\main\AndroidManifest.xml:63:19-68
73        <activity android:name="com.sw.PuppyFriends.DetailConditionCheck" />
73-->src\main\AndroidManifest.xml:64:9-76
73-->src\main\AndroidManifest.xml:64:19-74
74        <activity android:name="com.sw.PuppyFriends.Usingguide" />
74-->src\main\AndroidManifest.xml:65:9-66
74-->src\main\AndroidManifest.xml:65:19-64
75
76        <meta-data
76-->src\main\AndroidManifest.xml:67:9-69:35
77            android:name="com.google.firebase.messaging.default_notification_channel_id"
77-->src\main\AndroidManifest.xml:68:13-89
78            android:value="test" />
78-->src\main\AndroidManifest.xml:69:13-33
79
80        <service
80-->src\main\AndroidManifest.xml:71:9-76:19
81            android:name="com.sw.PuppyFriends.FirebaseMessageManager"
81-->src\main\AndroidManifest.xml:71:18-75
82            android:exported="false" >
82-->src\main\AndroidManifest.xml:72:13-37
83            <intent-filter>
83-->src\main\AndroidManifest.xml:73:13-75:29
84                <action android:name="com.google.firebase.MESSAGING_EVENT" />
84-->src\main\AndroidManifest.xml:74:17-78
84-->src\main\AndroidManifest.xml:74:25-75
85            </intent-filter>
86        </service>
87
88        <meta-data
88-->[com.firebaseui:firebase-ui-auth:4.3.1] AndroidManifest.xml:16:9-18:69
89            android:name="com.google.android.gms.version"
89-->[com.firebaseui:firebase-ui-auth:4.3.1] AndroidManifest.xml:17:13-58
90            android:value="@integer/google_play_services_version" />
90-->[com.firebaseui:firebase-ui-auth:4.3.1] AndroidManifest.xml:18:13-66
91        <meta-data
91-->[com.firebaseui:firebase-ui-auth:4.3.1] AndroidManifest.xml:19:9-21:63
92            android:name="com.facebook.sdk.ApplicationId"
92-->[com.firebaseui:firebase-ui-auth:4.3.1] AndroidManifest.xml:20:13-58
93            android:value="@string/facebook_application_id" />
93-->[com.firebaseui:firebase-ui-auth:4.3.1] AndroidManifest.xml:21:13-60
94
95        <activity
95-->[com.firebaseui:firebase-ui-auth:4.3.1] AndroidManifest.xml:23:9-27:61
96            android:name="com.firebase.ui.auth.KickoffActivity"
96-->[com.firebaseui:firebase-ui-auth:4.3.1] AndroidManifest.xml:24:13-64
97            android:exported="false"
97-->[com.firebaseui:firebase-ui-auth:4.3.1] AndroidManifest.xml:25:13-37
98            android:label=""
98-->[com.firebaseui:firebase-ui-auth:4.3.1] AndroidManifest.xml:26:13-29
99            android:theme="@style/FirebaseUI.Transparent" />
99-->[com.firebaseui:firebase-ui-auth:4.3.1] AndroidManifest.xml:27:13-58
100        <activity
100-->[com.firebaseui:firebase-ui-auth:4.3.1] AndroidManifest.xml:28:9-32:61
101            android:name="com.firebase.ui.auth.ui.idp.SingleSignInActivity"
101-->[com.firebaseui:firebase-ui-auth:4.3.1] AndroidManifest.xml:29:13-76
102            android:exported="false"
102-->[com.firebaseui:firebase-ui-auth:4.3.1] AndroidManifest.xml:30:13-37
103            android:label=""
103-->[com.firebaseui:firebase-ui-auth:4.3.1] AndroidManifest.xml:31:13-29
104            android:theme="@style/FirebaseUI.Transparent" />
104-->[com.firebaseui:firebase-ui-auth:4.3.1] AndroidManifest.xml:32:13-58
105        <activity
105-->[com.firebaseui:firebase-ui-auth:4.3.1] AndroidManifest.xml:33:9-37:61
106            android:name="com.firebase.ui.auth.ui.credentials.CredentialSaveActivity"
106-->[com.firebaseui:firebase-ui-auth:4.3.1] AndroidManifest.xml:34:13-86
107            android:exported="false"
107-->[com.firebaseui:firebase-ui-auth:4.3.1] AndroidManifest.xml:35:13-37
108            android:label=""
108-->[com.firebaseui:firebase-ui-auth:4.3.1] AndroidManifest.xml:36:13-29
109            android:theme="@style/FirebaseUI.Transparent" />
109-->[com.firebaseui:firebase-ui-auth:4.3.1] AndroidManifest.xml:37:13-58
110        <activity
110-->[com.firebaseui:firebase-ui-auth:4.3.1] AndroidManifest.xml:38:9-42:58
111            android:name="com.firebase.ui.auth.ui.email.RecoverPasswordActivity"
111-->[com.firebaseui:firebase-ui-auth:4.3.1] AndroidManifest.xml:39:13-81
112            android:exported="false"
112-->[com.firebaseui:firebase-ui-auth:4.3.1] AndroidManifest.xml:40:13-37
113            android:label="@string/fui_title_recover_password_activity"
113-->[com.firebaseui:firebase-ui-auth:4.3.1] AndroidManifest.xml:41:13-72
114            android:windowSoftInputMode="adjustResize" />
114-->[com.firebaseui:firebase-ui-auth:4.3.1] AndroidManifest.xml:42:13-55
115        <activity
115-->[com.firebaseui:firebase-ui-auth:4.3.1] AndroidManifest.xml:43:9-47:58
116            android:name="com.firebase.ui.auth.ui.email.EmailActivity"
116-->[com.firebaseui:firebase-ui-auth:4.3.1] AndroidManifest.xml:44:13-71
117            android:exported="false"
117-->[com.firebaseui:firebase-ui-auth:4.3.1] AndroidManifest.xml:45:13-37
118            android:label="@string/fui_sign_in_default"
118-->[com.firebaseui:firebase-ui-auth:4.3.1] AndroidManifest.xml:46:13-56
119            android:windowSoftInputMode="adjustResize" />
119-->[com.firebaseui:firebase-ui-auth:4.3.1] AndroidManifest.xml:47:13-55
120        <activity
120-->[com.firebaseui:firebase-ui-auth:4.3.1] AndroidManifest.xml:48:9-52:77
121            android:name="com.firebase.ui.auth.ui.phone.PhoneActivity"
121-->[com.firebaseui:firebase-ui-auth:4.3.1] AndroidManifest.xml:49:13-71
122            android:exported="false"
122-->[com.firebaseui:firebase-ui-auth:4.3.1] AndroidManifest.xml:50:13-37
123            android:label="@string/fui_sign_in_with_phone_number"
123-->[com.firebaseui:firebase-ui-auth:4.3.1] AndroidManifest.xml:51:13-66
124            android:windowSoftInputMode="adjustResize|stateAlwaysVisible" />
124-->[com.firebaseui:firebase-ui-auth:4.3.1] AndroidManifest.xml:52:13-74
125        <activity
125-->[com.firebaseui:firebase-ui-auth:4.3.1] AndroidManifest.xml:53:9-57:58
126            android:name="com.firebase.ui.auth.ui.idp.WelcomeBackIdpPrompt"
126-->[com.firebaseui:firebase-ui-auth:4.3.1] AndroidManifest.xml:54:13-76
127            android:exported="false"
127-->[com.firebaseui:firebase-ui-auth:4.3.1] AndroidManifest.xml:55:13-37
128            android:label="@string/fui_title_welcome_back_idp_prompt"
128-->[com.firebaseui:firebase-ui-auth:4.3.1] AndroidManifest.xml:56:13-70
129            android:windowSoftInputMode="adjustResize" />
129-->[com.firebaseui:firebase-ui-auth:4.3.1] AndroidManifest.xml:57:13-55
130        <activity
130-->[com.firebaseui:firebase-ui-auth:4.3.1] AndroidManifest.xml:58:9-62:58
131            android:name="com.firebase.ui.auth.ui.email.WelcomeBackPasswordPrompt"
131-->[com.firebaseui:firebase-ui-auth:4.3.1] AndroidManifest.xml:59:13-83
132            android:exported="false"
132-->[com.firebaseui:firebase-ui-auth:4.3.1] AndroidManifest.xml:60:13-37
133            android:label="@string/fui_title_welcome_back_password_prompt"
133-->[com.firebaseui:firebase-ui-auth:4.3.1] AndroidManifest.xml:61:13-75
134            android:windowSoftInputMode="adjustResize" />
134-->[com.firebaseui:firebase-ui-auth:4.3.1] AndroidManifest.xml:62:13-55
135        <activity
135-->[com.firebaseui:firebase-ui-auth:4.3.1] AndroidManifest.xml:63:9-67:58
136            android:name="com.firebase.ui.auth.ui.email.WelcomeBackEmailLinkPrompt"
136-->[com.firebaseui:firebase-ui-auth:4.3.1] AndroidManifest.xml:64:13-84
137            android:exported="false"
137-->[com.firebaseui:firebase-ui-auth:4.3.1] AndroidManifest.xml:65:13-37
138            android:label="@string/fui_title_welcome_back_password_prompt"
138-->[com.firebaseui:firebase-ui-auth:4.3.1] AndroidManifest.xml:66:13-75
139            android:windowSoftInputMode="adjustResize" />
139-->[com.firebaseui:firebase-ui-auth:4.3.1] AndroidManifest.xml:67:13-55
140        <activity
140-->[com.firebaseui:firebase-ui-auth:4.3.1] AndroidManifest.xml:68:9-73:58
141            android:name="com.firebase.ui.auth.ui.email.EmailLinkCatcherActivity"
141-->[com.firebaseui:firebase-ui-auth:4.3.1] AndroidManifest.xml:69:13-82
142            android:exported="false"
142-->[com.firebaseui:firebase-ui-auth:4.3.1] AndroidManifest.xml:70:13-37
143            android:label=""
143-->[com.firebaseui:firebase-ui-auth:4.3.1] AndroidManifest.xml:71:13-29
144            android:theme="@style/FirebaseUI.Transparent"
144-->[com.firebaseui:firebase-ui-auth:4.3.1] AndroidManifest.xml:72:13-58
145            android:windowSoftInputMode="adjustResize" />
145-->[com.firebaseui:firebase-ui-auth:4.3.1] AndroidManifest.xml:73:13-55
146        <activity
146-->[com.firebaseui:firebase-ui-auth:4.3.1] AndroidManifest.xml:74:9-78:58
147            android:name="com.firebase.ui.auth.ui.email.EmailLinkErrorRecoveryActivity"
147-->[com.firebaseui:firebase-ui-auth:4.3.1] AndroidManifest.xml:75:13-88
148            android:exported="false"
148-->[com.firebaseui:firebase-ui-auth:4.3.1] AndroidManifest.xml:76:13-37
149            android:label="@string/fui_sign_in_default"
149-->[com.firebaseui:firebase-ui-auth:4.3.1] AndroidManifest.xml:77:13-56
150            android:windowSoftInputMode="adjustResize" />
150-->[com.firebaseui:firebase-ui-auth:4.3.1] AndroidManifest.xml:78:13-55
151        <activity
151-->[com.firebaseui:firebase-ui-auth:4.3.1] AndroidManifest.xml:79:9-82:65
152            android:name="com.firebase.ui.auth.ui.idp.AuthMethodPickerActivity"
152-->[com.firebaseui:firebase-ui-auth:4.3.1] AndroidManifest.xml:80:13-80
153            android:exported="false"
153-->[com.firebaseui:firebase-ui-auth:4.3.1] AndroidManifest.xml:81:13-37
154            android:label="@string/fui_default_toolbar_title" />
154-->[com.firebaseui:firebase-ui-auth:4.3.1] AndroidManifest.xml:82:13-62
155        <activity
155-->[com.firebaseui:firebase-ui-auth:4.3.1] AndroidManifest.xml:83:9-87:48
156            android:name="com.facebook.FacebookActivity"
156-->[com.firebaseui:firebase-ui-auth:4.3.1] AndroidManifest.xml:84:13-57
157            android:configChanges="keyboard|keyboardHidden|screenLayout|screenSize|orientation"
157-->[com.firebaseui:firebase-ui-auth:4.3.1] AndroidManifest.xml:85:13-96
158            android:label="@string/app_name" />
158-->[com.firebaseui:firebase-ui-auth:4.3.1] AndroidManifest.xml:86:13-45
159        <activity
159-->[com.firebaseui:firebase-ui-auth:4.3.1] AndroidManifest.xml:88:9-100:20
160            android:name="com.facebook.CustomTabActivity"
160-->[com.firebaseui:firebase-ui-auth:4.3.1] AndroidManifest.xml:89:13-58
161            android:exported="true" >
161-->[com.firebaseui:firebase-ui-auth:4.3.1] AndroidManifest.xml:90:13-36
162            <intent-filter>
162-->[com.firebaseui:firebase-ui-auth:4.3.1] AndroidManifest.xml:92:13-99:29
163                <action android:name="android.intent.action.VIEW" />
163-->[com.firebaseui:firebase-ui-auth:4.3.1] AndroidManifest.xml:93:17-69
163-->[com.firebaseui:firebase-ui-auth:4.3.1] AndroidManifest.xml:93:25-66
164
165                <category android:name="android.intent.category.DEFAULT" />
165-->[com.firebaseui:firebase-ui-auth:4.3.1] AndroidManifest.xml:95:17-76
165-->[com.firebaseui:firebase-ui-auth:4.3.1] AndroidManifest.xml:95:27-73
166                <category android:name="android.intent.category.BROWSABLE" />
166-->[com.firebaseui:firebase-ui-auth:4.3.1] AndroidManifest.xml:96:17-78
166-->[com.firebaseui:firebase-ui-auth:4.3.1] AndroidManifest.xml:96:27-75
167
168                <data android:scheme="@string/facebook_login_protocol_scheme" />
168-->[com.firebaseui:firebase-ui-auth:4.3.1] AndroidManifest.xml:98:17-81
168-->[com.firebaseui:firebase-ui-auth:4.3.1] AndroidManifest.xml:98:23-78
169            </intent-filter>
170        </activity>
171
172        <provider
172-->[com.firebaseui:firebase-ui-auth:4.3.1] AndroidManifest.xml:102:9-106:38
173            android:name="com.firebase.ui.auth.data.client.AuthUiInitProvider"
173-->[com.firebaseui:firebase-ui-auth:4.3.1] AndroidManifest.xml:103:13-79
174            android:authorities="com.sw.PuppyFriends.authuiinitprovider"
174-->[com.firebaseui:firebase-ui-auth:4.3.1] AndroidManifest.xml:104:13-70
175            android:exported="false"
175-->[com.firebaseui:firebase-ui-auth:4.3.1] AndroidManifest.xml:105:13-37
176            android:initOrder="90" />
176-->[com.firebaseui:firebase-ui-auth:4.3.1] AndroidManifest.xml:106:13-35
177
178        <service
178-->[com.google.firebase:firebase-inappmessaging-display:19.0.7] AndroidManifest.xml:15:9-21:19
179            android:name="com.google.firebase.components.ComponentDiscoveryService"
179-->[com.google.firebase:firebase-inappmessaging-display:19.0.7] AndroidManifest.xml:16:13-84
180            android:directBootAware="true"
180-->[com.google.firebase:firebase-common:19.3.0] AndroidManifest.xml:34:13-43
181            android:exported="false" >
181-->[com.google.firebase:firebase-inappmessaging-display:19.0.7] AndroidManifest.xml:17:13-37
182            <meta-data
182-->[com.google.firebase:firebase-inappmessaging-display:19.0.7] AndroidManifest.xml:18:13-20:85
183                android:name="com.google.firebase.components:com.google.firebase.inappmessaging.display.FirebaseInAppMessagingDisplayRegistrar"
183-->[com.google.firebase:firebase-inappmessaging-display:19.0.7] AndroidManifest.xml:19:17-144
184                android:value="com.google.firebase.components.ComponentRegistrar" />
184-->[com.google.firebase:firebase-inappmessaging-display:19.0.7] AndroidManifest.xml:20:17-82
185            <meta-data
185-->[com.google.firebase:firebase-database:19.3.0] AndroidManifest.xml:32:13-34:85
186                android:name="com.google.firebase.components:com.google.firebase.database.DatabaseRegistrar"
186-->[com.google.firebase:firebase-database:19.3.0] AndroidManifest.xml:33:17-109
187                android:value="com.google.firebase.components.ComponentRegistrar" />
187-->[com.google.firebase:firebase-database:19.3.0] AndroidManifest.xml:34:17-82
188            <meta-data
188-->[com.google.firebase:firebase-auth:19.3.1] AndroidManifest.xml:36:13-38:85
189                android:name="com.google.firebase.components:com.google.firebase.auth.FirebaseAuthRegistrar"
189-->[com.google.firebase:firebase-auth:19.3.1] AndroidManifest.xml:37:17-109
190                android:value="com.google.firebase.components.ComponentRegistrar" />
190-->[com.google.firebase:firebase-auth:19.3.1] AndroidManifest.xml:38:17-82
191            <meta-data
191-->[com.google.firebase:firebase-storage:19.1.1] AndroidManifest.xml:33:13-35:85
192                android:name="com.google.firebase.components:com.google.firebase.storage.StorageRegistrar"
192-->[com.google.firebase:firebase-storage:19.1.1] AndroidManifest.xml:34:17-107
193                android:value="com.google.firebase.components.ComponentRegistrar" />
193-->[com.google.firebase:firebase-storage:19.1.1] AndroidManifest.xml:35:17-82
194            <meta-data
194-->[com.google.firebase:firebase-messaging:20.2.0] AndroidManifest.xml:39:13-41:85
195                android:name="com.google.firebase.components:com.google.firebase.messaging.FirebaseMessagingRegistrar"
195-->[com.google.firebase:firebase-messaging:20.2.0] AndroidManifest.xml:40:17-119
196                android:value="com.google.firebase.components.ComponentRegistrar" />
196-->[com.google.firebase:firebase-messaging:20.2.0] AndroidManifest.xml:41:17-82
197            <meta-data
197-->[com.google.android.gms:play-services-measurement-api:17.4.2] AndroidManifest.xml:30:13-32:85
198                android:name="com.google.firebase.components:com.google.firebase.analytics.connector.internal.AnalyticsConnectorRegistrar"
198-->[com.google.android.gms:play-services-measurement-api:17.4.2] AndroidManifest.xml:31:17-139
199                android:value="com.google.firebase.components.ComponentRegistrar" />
199-->[com.google.android.gms:play-services-measurement-api:17.4.2] AndroidManifest.xml:32:17-82
200            <meta-data
200-->[com.google.firebase:firebase-firestore:17.1.4] AndroidManifest.xml:15:13-17:85
201                android:name="com.google.firebase.components:com.google.firebase.firestore.FirestoreRegistrar"
201-->[com.google.firebase:firebase-firestore:17.1.4] AndroidManifest.xml:16:17-111
202                android:value="com.google.firebase.components.ComponentRegistrar" />
202-->[com.google.firebase:firebase-firestore:17.1.4] AndroidManifest.xml:17:17-82
203            <meta-data
203-->[com.google.firebase:firebase-inappmessaging:19.0.7] AndroidManifest.xml:17:13-19:85
204                android:name="com.google.firebase.components:com.google.firebase.inappmessaging.FirebaseInAppMessagingRegistrar"
204-->[com.google.firebase:firebase-inappmessaging:19.0.7] AndroidManifest.xml:18:17-129
205                android:value="com.google.firebase.components.ComponentRegistrar" />
205-->[com.google.firebase:firebase-inappmessaging:19.0.7] AndroidManifest.xml:19:17-82
206            <meta-data
206-->[com.google.firebase:firebase-iid:20.2.0] AndroidManifest.xml:32:13-34:85
207                android:name="com.google.firebase.components:com.google.firebase.iid.Registrar"
207-->[com.google.firebase:firebase-iid:20.2.0] AndroidManifest.xml:33:17-96
208                android:value="com.google.firebase.components.ComponentRegistrar" />
208-->[com.google.firebase:firebase-iid:20.2.0] AndroidManifest.xml:34:17-82
209            <meta-data
209-->[com.google.firebase:firebase-installations:16.3.1] AndroidManifest.xml:17:13-19:85
210                android:name="com.google.firebase.components:com.google.firebase.installations.FirebaseInstallationsRegistrar"
210-->[com.google.firebase:firebase-installations:16.3.1] AndroidManifest.xml:18:17-127
211                android:value="com.google.firebase.components.ComponentRegistrar" />
211-->[com.google.firebase:firebase-installations:16.3.1] AndroidManifest.xml:19:17-82
212            <meta-data
212-->[com.google.firebase:firebase-datatransport:17.0.5] AndroidManifest.xml:28:13-30:85
213                android:name="com.google.firebase.components:com.google.firebase.datatransport.TransportRegistrar"
213-->[com.google.firebase:firebase-datatransport:17.0.5] AndroidManifest.xml:29:17-115
214                android:value="com.google.firebase.components.ComponentRegistrar" />
214-->[com.google.firebase:firebase-datatransport:17.0.5] AndroidManifest.xml:30:17-82
215            <meta-data
215-->[com.google.firebase:firebase-abt:19.0.1] AndroidManifest.xml:13:13-15:85
216                android:name="com.google.firebase.components:com.google.firebase.abt.component.AbtRegistrar"
216-->[com.google.firebase:firebase-abt:19.0.1] AndroidManifest.xml:14:17-109
217                android:value="com.google.firebase.components.ComponentRegistrar" />
217-->[com.google.firebase:firebase-abt:19.0.1] AndroidManifest.xml:15:17-82
218        </service>
219
220        <activity
220-->[com.google.firebase:firebase-auth:19.3.1] AndroidManifest.xml:24:9-31:50
221            android:name="com.google.firebase.auth.internal.FederatedSignInActivity"
221-->[com.google.firebase:firebase-auth:19.3.1] AndroidManifest.xml:25:13-85
222            android:excludeFromRecents="true"
222-->[com.google.firebase:firebase-auth:19.3.1] AndroidManifest.xml:26:13-46
223            android:exported="true"
223-->[com.google.firebase:firebase-auth:19.3.1] AndroidManifest.xml:27:13-36
224            android:launchMode="singleTask"
224-->[com.google.firebase:firebase-auth:19.3.1] AndroidManifest.xml:28:13-44
225            android:permission="com.google.firebase.auth.api.gms.permission.LAUNCH_FEDERATED_SIGN_IN"
225-->[com.google.firebase:firebase-auth:19.3.1] AndroidManifest.xml:29:13-102
226            android:theme="@android:style/Theme.Translucent.NoTitleBar" />
226-->[com.google.firebase:firebase-auth:19.3.1] AndroidManifest.xml:30:13-72
227        <activity
227-->[com.google.android.gms:play-services-auth:18.0.0] AndroidManifest.xml:23:9-27:75
228            android:name="com.google.android.gms.auth.api.signin.internal.SignInHubActivity"
228-->[com.google.android.gms:play-services-auth:18.0.0] AndroidManifest.xml:24:13-93
229            android:excludeFromRecents="true"
229-->[com.google.android.gms:play-services-auth:18.0.0] AndroidManifest.xml:25:13-46
230            android:exported="false"
230-->[com.google.android.gms:play-services-auth:18.0.0] AndroidManifest.xml:26:13-37
231            android:theme="@android:style/Theme.Translucent.NoTitleBar" />
231-->[com.google.android.gms:play-services-auth:18.0.0] AndroidManifest.xml:27:13-72
232        <!--
233            Service handling Google Sign-In user revocation. For apps that do not integrate with
234            Google Sign-In, this service will never be started.
235        -->
236        <service
236-->[com.google.android.gms:play-services-auth:18.0.0] AndroidManifest.xml:33:9-36:110
237            android:name="com.google.android.gms.auth.api.signin.RevocationBoundService"
237-->[com.google.android.gms:play-services-auth:18.0.0] AndroidManifest.xml:34:13-89
238            android:exported="true"
238-->[com.google.android.gms:play-services-auth:18.0.0] AndroidManifest.xml:35:13-36
239            android:permission="com.google.android.gms.auth.api.signin.permission.REVOCATION_NOTIFICATION" />
239-->[com.google.android.gms:play-services-auth:18.0.0] AndroidManifest.xml:36:13-107
240
241        <provider
241-->[com.squareup.picasso:picasso:2.71828] AndroidManifest.xml:8:9-11:40
242            android:name="com.squareup.picasso.PicassoProvider"
242-->[com.squareup.picasso:picasso:2.71828] AndroidManifest.xml:9:13-64
243            android:authorities="com.sw.PuppyFriends.com.squareup.picasso"
243-->[com.squareup.picasso:picasso:2.71828] AndroidManifest.xml:10:13-72
244            android:exported="false" />
244-->[com.squareup.picasso:picasso:2.71828] AndroidManifest.xml:11:13-37
245        <!--
246             FirebaseMessagingService performs security checks at runtime,
247             but set to not exported to explicitly avoid allowing another app to call it.
248        -->
249        <service
249-->[com.google.firebase:firebase-messaging:20.2.0] AndroidManifest.xml:28:9-35:19
250            android:name="com.google.firebase.messaging.FirebaseMessagingService"
250-->[com.google.firebase:firebase-messaging:20.2.0] AndroidManifest.xml:29:13-82